SharedMemoryMpi:  World communicator of size 1
SharedMemoryMpi:  Node  communicator of size 1
SharedMemoryMpi: SharedMemoryAllocate 1073741824 MMAP anonymous implementation 

__|__|__|__|__|__|__|__|__|__|__|__|__|__|__
__|__|__|__|__|__|__|__|__|__|__|__|__|__|__
__|_ |  |  |  |  |  |  |  |  |  |  |  | _|__
__|_                                    _|__
__|_   GGGG    RRRR    III    DDDD      _|__
__|_  G        R   R    I     D   D     _|__
__|_  G        R   R    I     D    D    _|__
__|_  G  GG    RRRR     I     D    D    _|__
__|_  G   G    R  R     I     D   D     _|__
__|_   GGGG    R   R   III    DDDD      _|__
__|_                                    _|__
__|__|__|__|__|__|__|__|__|__|__|__|__|__|__
__|__|__|__|__|__|__|__|__|__|__|__|__|__|__
  |  |  |  |  |  |  |  |  |  |  |  |  |  |  


Copyright (C) 2015 Peter Boyle, Azusa Yamaguchi, Guido Cossu, Antonin Portelli and other authors

This program is free software; you can redistribute it and/or modify
it under the terms of the GNU General Public License as published by
the Free Software Foundation; either version 2 of the License, or
(at your option) any later version.

This program is distributed in the hope that it will be useful,
but WITHOUT ANY WARRANTY; without even the implied warranty of
MERCHANTABILITY or FITNESS FOR A PARTICULAR PURPOSE.  See the
GNU General Public License for more details.
Current Grid git commit hash=4a0aaf07868a39ffafffba7496c75a3c03bc7aab: (HEAD -> develop, gh/develop, gh/HEAD) uncommited changes

Grid : Message : ================================================ 
Grid : Message : MPI is initialised and logging filters activated 
Grid : Message : ================================================ 
Grid : Message : This rank is running on host Ummon.local at local time 2026-01-06 12:25:30
Grid : Message : Requested 1073741824 byte stencil comms buffers 
Grid : Message : MemoryManager::Init() setting up
Grid : Message : MemoryManager::Init() cache pool for recent host   allocations: SMALL 8 LARGE 2 HUGE 0
Grid : Message : MemoryManager::Init() cache pool for recent device allocations: SMALL 16 LARGE 8 Huge 0
Grid : Message : MemoryManager::Init() cache pool for recent shared allocations: SMALL 16 LARGE 8 Huge 0
Grid : Message : MemoryManager::Init() Unified memory space
Grid : Message : 0.787000 s : Grid Default Decomposition patterns
Grid : Message : 0.789000 s : 	OpenMP threads : 10
Grid : Message : 0.795000 s : 	MPI tasks      : 1 1 1 1 
Grid : Message : 0.800000 s : 	vRealF         : 128bits ; 1 1 2 2 
Grid : Message : 0.804000 s : 	vRealD         : 128bits ; 1 1 1 2 
Grid : Message : 0.808000 s : 	vComplexF      : 128bits ; 1 1 1 2 
Grid : Message : 0.811000 s : 	vComplexD      : 128bits ; 1 1 1 1 
Grid : Message : 0.816000 s : Grid is setup to use 10 threads
Grid : Message : 0.667040 s : ==================== DWF regression test
Grid : Message : 0.956720 s : Grid implementation -- norm2= 491417.428 -- time= 0.740724s
Grid : Message : 2.113302 s : this implementation -- norm2= 491417.428 -- time= 1.122023s
Grid : Message : 2.147840 s : Diff -- norm_abs= 0 norm_rel= 0
Grid : Message : 2.276345 s : ==================== Moebius DWF regression test
Grid : Message : 3.103368 s : Grid implementation -- norm2= 1758503.58 -- time= 0.681425s
Grid : Message : 4.242668 s : this implementation -- norm2= 1758503.58 -- time= 1.104771s
Grid : Message : 4.277221 s : Diff -- norm_abs= 8.15155669e-14 norm_rel= 6.14708085e-17
Grid : Message : 4.401001 s : ==================== z-Moebius DWF regression test
Grid : Message : 5.227746 s : Grid implementation -- norm2= 19210884.6 -- time= 0.676955s
Grid : Message : 6.361049 s : this implementation -- norm2= 19210884.6 -- time= 1.098628s
Grid : Message : 6.395509 s : Diff -- norm_abs= 3.26105419e-13 norm_rel= 7.44019526e-17
Grid : Message : 6.518478 s : ==================== DWF perturbative test
Grid : Message : 6.531565 s : -------------------- untwisted propagator
Grid : Message : 7.477579 s : ConjugateGradient Converged on iteration 69	Computed residual 6.08896238e-17	True residual 5.08405567e-16	Target 1e-16
Grid : Message : 7.477608 s : 	Solver Elapsed    0.918280 s
Grid : Message : 7.491170 s : SchurRedBlackBase solver true unprec resid 4.40148452e-16
Grid : Message : 7.491193 s : spin 0 color 0 norm2(src5d) 32629.0728 norm2(result5d) 3889.54704
Grid : Message : 8.442340 s : ConjugateGradient Converged on iteration 69	Computed residual 6.13395684e-17	True residual 5.08636833e-16	Target 1e-16
Grid : Message : 8.442369 s : 	Solver Elapsed    0.916262 s
Grid : Message : 8.455912 s : SchurRedBlackBase solver true unprec resid 4.39886788e-16
Grid : Message : 8.455936 s : spin 0 color 1 norm2(src5d) 32862.8545 norm2(result5d) 3892.76889
Grid : Message : 9.405793 s : ConjugateGradient Converged on iteration 69	Computed residual 6.20586516e-17	True residual 5.10333637e-16	Target 1e-16
Grid : Message : 9.405825 s : 	Solver Elapsed    0.915274 s
Grid : Message : 9.419290 s : SchurRedBlackBase solver true unprec resid 4.40787081e-16
Grid : Message : 9.419316 s : spin 0 color 2 norm2(src5d) 32932.6083 norm2(result5d) 3905.21255
Grid : Message : 10.370831 s : ConjugateGradient Converged on iteration 69	Computed residual 6.32635396e-17	True residual 5.08195153e-16	Target 1e-16
Grid : Message : 10.370856 s : 	Solver Elapsed    0.916275 s
Grid : Message : 10.384401 s : SchurRedBlackBase solver true unprec resid 4.3931446e-16
Grid : Message : 10.384423 s : spin 1 color 0 norm2(src5d) 32810.9355 norm2(result5d) 3891.98786
Grid : Message : 11.332639 s : ConjugateGradient Converged on iteration 69	Computed residual 6.17814436e-17	True residual 5.12426888e-16	Target 1e-16
Grid : Message : 11.332666 s : 	Solver Elapsed    0.912828 s
Grid : Message : 11.346111 s : SchurRedBlackBase solver true unprec resid 4.42162827e-16
Grid : Message : 11.346138 s : spin 1 color 1 norm2(src5d) 32606.0375 norm2(result5d) 3862.9851
Grid : Message : 12.316224 s : ConjugateGradient Converged on iteration 69	Computed residual 6.27730242e-17	True residual 5.09094168e-16	Target 1e-16
Grid : Message : 12.316251 s : 	Solver Elapsed    0.934595 s
Grid : Message : 12.329657 s : SchurRedBlackBase solver true unprec resid 4.39862935e-16
Grid : Message : 12.329681 s : spin 1 color 2 norm2(src5d) 32646.0549 norm2(result5d) 3878.82568
Grid : Message : 13.279717 s : ConjugateGradient Converged on iteration 69	Computed residual 6.00871637e-17	True residual 5.02120315e-16	Target 1e-16
Grid : Message : 13.279739 s : 	Solver Elapsed    0.915647 s
Grid : Message : 13.293242 s : SchurRedBlackBase solver true unprec resid 4.3699909e-16
Grid : Message : 13.293265 s : spin 2 color 0 norm2(src5d) 32777.0869 norm2(result5d) 3858.70118
Grid : Message : 14.253078 s : ConjugateGradient Converged on iteration 69	Computed residual 6.14105673e-17	True residual 5.13305903e-16	Target 1e-16
Grid : Message : 14.253104 s : 	Solver Elapsed    0.923578 s
Grid : Message : 14.268766 s : SchurRedBlackBase solver true unprec resid 4.42436908e-16
Grid : Message : 14.268788 s : spin 2 color 1 norm2(src5d) 32894.7068 norm2(result5d) 3913.41816
Grid : Message : 15.249331 s : ConjugateGradient Converged on iteration 69	Computed residual 6.30757385e-17	True residual 5.11190961e-16	Target 1e-16
Grid : Message : 15.249372 s : 	Solver Elapsed    0.942934 s
Grid : Message : 15.263026 s : SchurRedBlackBase solver true unprec resid 4.4181268e-16
Grid : Message : 15.263053 s : spin 2 color 2 norm2(src5d) 32883.3555 norm2(result5d) 3897.53219
Grid : Message : 16.248119 s : ConjugateGradient Converged on iteration 69	Computed residual 6.28072059e-17	True residual 5.13303497e-16	Target 1e-16
Grid : Message : 16.248157 s : 	Solver Elapsed    0.950440 s
Grid : Message : 16.261833 s : SchurRedBlackBase solver true unprec resid 4.42773258e-16
Grid : Message : 16.261866 s : spin 3 color 0 norm2(src5d) 32883.9308 norm2(result5d) 3910.04174
Grid : Message : 17.233067 s : ConjugateGradient Converged on iteration 69	Computed residual 6.02566804e-17	True residual 5.0311941e-16	Target 1e-16
Grid : Message : 17.233109 s : 	Solver Elapsed    0.934962 s
Grid : Message : 17.246492 s : SchurRedBlackBase solver true unprec resid 4.36810457e-16
Grid : Message : 17.246540 s : spin 3 color 1 norm2(src5d) 32848.5104 norm2(result5d) 3890.6378
Grid : Message : 18.232186 s : ConjugateGradient Converged on iteration 69	Computed residual 6.04592531e-17	True residual 5.08108844e-16	Target 1e-16
Grid : Message : 18.232221 s : 	Solver Elapsed    0.949020 s
Grid : Message : 18.245717 s : SchurRedBlackBase solver true unprec resid 4.40109299e-16
Grid : Message : 18.245748 s : spin 3 color 2 norm2(src5d) 32784.6306 norm2(result5d) 3900.97893
Grid : Message : 18.254770 s : -------------------- sequential propagators
Grid : Message : 19.677066 s : ConjugateGradient Converged on iteration 69	Computed residual 8.82925595e-17	True residual 5.00888335e-16	Target 1e-16
Grid : Message : 19.677101 s : 	Solver Elapsed    0.928072 s
Grid : Message : 19.690526 s : SchurRedBlackBase solver true unprec resid 4.62642512e-16
Grid : Message : 19.690557 s : spin 0 color 0 norm2(src5d) 3889.54704 norm2(result5d) 549.924523
Grid : Message : 20.658645 s : ConjugateGradient Converged on iteration 69	Computed residual 8.96515857e-17	True residual 5.00878657e-16	Target 1e-16
Grid : Message : 20.658670 s : 	Solver Elapsed    0.928553 s
Grid : Message : 20.672019 s : SchurRedBlackBase solver true unprec resid 4.63173925e-16
Grid : Message : 20.672045 s : spin 0 color 1 norm2(src5d) 3892.76889 norm2(result5d) 550.366886
Grid : Message : 21.641812 s : ConjugateGradient Converged on iteration 69	Computed residual 8.7507644e-17	True residual 4.99848191e-16	Target 1e-16
Grid : Message : 21.641839 s : 	Solver Elapsed    0.934615 s
Grid : Message : 21.657126 s : SchurRedBlackBase solver true unprec resid 4.62900242e-16
Grid : Message : 21.657157 s : spin 0 color 2 norm2(src5d) 3905.21255 norm2(result5d) 550.755754
Grid : Message : 22.627566 s : ConjugateGradient Converged on iteration 69	Computed residual 8.89007421e-17	True residual 4.98019378e-16	Target 1e-16
Grid : Message : 22.627590 s : 	Solver Elapsed    0.936285 s
Grid : Message : 22.641176 s : SchurRedBlackBase solver true unprec resid 4.61974749e-16
Grid : Message : 22.641201 s : spin 1 color 0 norm2(src5d) 3891.98786 norm2(result5d) 547.111906
Grid : Message : 23.616103 s : ConjugateGradient Converged on iteration 69	Computed residual 8.54848639e-17	True residual 4.98777712e-16	Target 1e-16
Grid : Message : 23.616138 s : 	Solver Elapsed    0.939771 s
Grid : Message : 23.629488 s : SchurRedBlackBase solver true unprec resid 4.61420398e-16
Grid : Message : 23.629515 s : spin 1 color 1 norm2(src5d) 3862.9851 norm2(result5d) 544.535273
Grid : Message : 24.608002 s : ConjugateGradient Converged on iteration 69	Computed residual 8.76881195e-17	True residual 4.99935319e-16	Target 1e-16
Grid : Message : 24.608025 s : 	Solver Elapsed    0.946981 s
Grid : Message : 24.621406 s : SchurRedBlackBase solver true unprec resid 4.62684039e-16
Grid : Message : 24.621430 s : spin 1 color 2 norm2(src5d) 3878.82568 norm2(result5d) 546.970692
Grid : Message : 25.586077 s : ConjugateGradient Converged on iteration 69	Computed residual 8.64957948e-17	True residual 4.97425708e-16	Target 1e-16
Grid : Message : 25.586105 s : 	Solver Elapsed    0.932592 s
Grid : Message : 25.602050 s : SchurRedBlackBase solver true unprec resid 4.59781801e-16
Grid : Message : 25.602078 s : spin 2 color 0 norm2(src5d) 3858.70118 norm2(result5d) 541.960178
Grid : Message : 26.572718 s : ConjugateGradient Converged on iteration 69	Computed residual 8.83093453e-17	True residual 4.99262637e-16	Target 1e-16
Grid : Message : 26.572751 s : 	Solver Elapsed    0.937244 s
Grid : Message : 26.586145 s : SchurRedBlackBase solver true unprec resid 4.62010381e-16
Grid : Message : 26.586176 s : spin 2 color 1 norm2(src5d) 3913.41816 norm2(result5d) 551.895869
Grid : Message : 27.565632 s : ConjugateGradient Converged on iteration 69	Computed residual 8.46400256e-17	True residual 4.97796908e-16	Target 1e-16
Grid : Message : 27.565659 s : 	Solver Elapsed    0.947918 s
Grid : Message : 27.579647 s : SchurRedBlackBase solver true unprec resid 4.61561008e-16
Grid : Message : 27.579673 s : spin 2 color 2 norm2(src5d) 3897.53219 norm2(result5d) 550.345271
Grid : Message : 28.532642 s : ConjugateGradient Converged on iteration 69	Computed residual 8.84774457e-17	True residual 5.00252514e-16	Target 1e-16
Grid : Message : 28.532664 s : 	Solver Elapsed    0.921463 s
Grid : Message : 28.546290 s : SchurRedBlackBase solver true unprec resid 4.62648159e-16
Grid : Message : 28.546317 s : spin 3 color 0 norm2(src5d) 3910.04174 norm2(result5d) 552.963735
Grid : Message : 29.501052 s : ConjugateGradient Converged on iteration 69	Computed residual 8.85470262e-17	True residual 4.99493667e-16	Target 1e-16
Grid : Message : 29.501078 s : 	Solver Elapsed    0.923166 s
Grid : Message : 29.514559 s : SchurRedBlackBase solver true unprec resid 4.62629705e-16
Grid : Message : 29.514582 s : spin 3 color 1 norm2(src5d) 3890.6378 norm2(result5d) 547.100717
Grid : Message : 30.472975 s : ConjugateGradient Converged on iteration 69	Computed residual 8.85192985e-17	True residual 4.99183681e-16	Target 1e-16
Grid : Message : 30.473005 s : 	Solver Elapsed    0.925357 s
Grid : Message : 30.486698 s : SchurRedBlackBase solver true unprec resid 4.60526229e-16
Grid : Message : 30.486722 s : spin 3 color 2 norm2(src5d) 3900.97893 norm2(result5d) 550.077234
Grid : Message : 30.497510 s : -------------------- double sequential propagator
Grid : Message : 32.476385 s : ConjugateGradient Converged on iteration 69	Computed residual 9.76713197e-17	True residual 5.39246522e-16	Target 1e-16
Grid : Message : 32.476421 s : 	Solver Elapsed    0.982365 s
Grid : Message : 32.490154 s : SchurRedBlackBase solver true unprec resid 5.11173119e-16
Grid : Message : 32.490181 s : spin 0 color 0 norm2(src5d) 1905.14355 norm2(result5d) 346.983652
Grid : Message : 33.471089 s : ConjugateGradient Converged on iteration 70	Computed residual 6.04131265e-17	True residual 5.39015623e-16	Target 1e-16
Grid : Message : 33.471113 s : 	Solver Elapsed    0.940519 s
Grid : Message : 33.485384 s : SchurRedBlackBase solver true unprec resid 5.0829012e-16
Grid : Message : 33.485407 s : spin 0 color 1 norm2(src5d) 1907.21348 norm2(result5d) 347.862344
Grid : Message : 34.501225 s : ConjugateGradient Converged on iteration 69	Computed residual 9.6083399e-17	True residual 5.40305162e-16	Target 1e-16
Grid : Message : 34.501254 s : 	Solver Elapsed    0.983730 s
Grid : Message : 34.514972 s : SchurRedBlackBase solver true unprec resid 5.11657157e-16
Grid : Message : 34.514992 s : spin 0 color 2 norm2(src5d) 1909.87619 norm2(result5d) 347.923046
Grid : Message : 35.506924 s : ConjugateGradient Converged on iteration 69	Computed residual 9.64125049e-17	True residual 5.39528864e-16	Target 1e-16
Grid : Message : 35.506958 s : 	Solver Elapsed    0.959246 s
Grid : Message : 35.520405 s : SchurRedBlackBase solver true unprec resid 5.11720566e-16
Grid : Message : 35.520434 s : spin 1 color 0 norm2(src5d) 1893.56444 norm2(result5d) 344.722817
Grid : Message : 36.495027 s : ConjugateGradient Converged on iteration 69	Computed residual 9.21255532e-17	True residual 5.40989196e-16	Target 1e-16
Grid : Message : 36.495064 s : 	Solver Elapsed    0.938892 s
Grid : Message : 36.508801 s : SchurRedBlackBase solver true unprec resid 5.11961719e-16
Grid : Message : 36.508831 s : spin 1 color 1 norm2(src5d) 1886.83263 norm2(result5d) 342.793456
Grid : Message : 37.474359 s : ConjugateGradient Converged on iteration 70	Computed residual 6.03962553e-17	True residual 5.3649194e-16	Target 1e-16
Grid : Message : 37.474381 s : 	Solver Elapsed    0.933179 s
Grid : Message : 37.488641 s : SchurRedBlackBase solver true unprec resid 5.06937325e-16
Grid : Message : 37.488669 s : spin 1 color 2 norm2(src5d) 1894.13272 norm2(result5d) 344.507943
Grid : Message : 38.459261 s : ConjugateGradient Converged on iteration 69	Computed residual 9.7136363e-17	True residual 5.37199785e-16	Target 1e-16
Grid : Message : 38.459285 s : 	Solver Elapsed    0.935074 s
Grid : Message : 38.472773 s : SchurRedBlackBase solver true unprec resid 5.10267056e-16
Grid : Message : 38.472804 s : spin 2 color 0 norm2(src5d) 1879.35603 norm2(result5d) 340.006775
Grid : Message : 39.422677 s : ConjugateGradient Converged on iteration 69	Computed residual 9.12764704e-17	True residual 5.40837053e-16	Target 1e-16
Grid : Message : 39.422702 s : 	Solver Elapsed    0.917962 s
Grid : Message : 39.438036 s : SchurRedBlackBase solver true unprec resid 5.12314026e-16
Grid : Message : 39.438060 s : spin 2 color 1 norm2(src5d) 1912.54073 norm2(result5d) 348.632265
Grid : Message : 40.410714 s : ConjugateGradient Converged on iteration 69	Computed residual 9.71896198e-17	True residual 5.40934549e-16	Target 1e-16
Grid : Message : 40.410744 s : 	Solver Elapsed    0.939743 s
Grid : Message : 40.424456 s : SchurRedBlackBase solver true unprec resid 5.13845224e-16
Grid : Message : 40.424478 s : spin 2 color 2 norm2(src5d) 1907.01241 norm2(result5d) 347.965555
Grid : Message : 41.392230 s : ConjugateGradient Converged on iteration 69	Computed residual 9.42584413e-17	True residual 5.40302423e-16	Target 1e-16
Grid : Message : 41.392248 s : 	Solver Elapsed    0.931335 s
Grid : Message : 41.407693 s : SchurRedBlackBase solver true unprec resid 5.12266514e-16
Grid : Message : 41.407708 s : spin 3 color 0 norm2(src5d) 1914.68772 norm2(result5d) 349.369541
Grid : Message : 42.372077 s : ConjugateGradient Converged on iteration 69	Computed residual 9.0486017e-17	True residual 5.3595362e-16	Target 1e-16
Grid : Message : 42.372106 s : 	Solver Elapsed    0.931232 s
Grid : Message : 42.389185 s : SchurRedBlackBase solver true unprec resid 5.07303683e-16
Grid : Message : 42.389207 s : spin 3 color 1 norm2(src5d) 1896.43529 norm2(result5d) 343.318769
Grid : Message : 43.349115 s : ConjugateGradient Converged on iteration 69	Computed residual 9.25909379e-17	True residual 5.39680079e-16	Target 1e-16
Grid : Message : 43.349147 s : 	Solver Elapsed    0.924428 s
Grid : Message : 43.362532 s : SchurRedBlackBase solver true unprec resid 5.11102053e-16
Grid : Message : 43.362559 s : spin 3 color 2 norm2(src5d) 1904.82348 norm2(result5d) 345.549013
Grid : Message : 43.371429 s : -------------------- twisted propagator +epsilon
Grid : Message : 43.371737 s :  Twist [0] 0.127323956 phase(1,0)
Grid : Message : 44.320846 s : ConjugateGradient Converged on iteration 68	Computed residual 9.91448571e-17	True residual 5.15627742e-16	Target 1e-16
Grid : Message : 44.320876 s : 	Solver Elapsed    0.918109 s
Grid : Message : 44.334499 s : SchurRedBlackBase solver true unprec resid 4.47740733e-16
Grid : Message : 44.334521 s : spin 0 color 0 norm2(src5d) 32629.0728 norm2(result5d) 3884.97752
Grid : Message : 45.291997 s : ConjugateGradient Converged on iteration 69	Computed residual 5.9590667e-17	True residual 5.10356653e-16	Target 1e-16
Grid : Message : 45.292037 s : 	Solver Elapsed    0.922885 s
Grid : Message : 45.308109 s : SchurRedBlackBase solver true unprec resid 4.42068117e-16
Grid : Message : 45.308137 s : spin 0 color 1 norm2(src5d) 32862.8545 norm2(result5d) 3888.11889
Grid : Message : 46.267595 s : ConjugateGradient Converged on iteration 69	Computed residual 6.03199995e-17	True residual 5.0580284e-16	Target 1e-16
Grid : Message : 46.267628 s : 	Solver Elapsed    0.925196 s
Grid : Message : 46.281418 s : SchurRedBlackBase solver true unprec resid 4.36688003e-16
Grid : Message : 46.281439 s : spin 0 color 2 norm2(src5d) 32932.6083 norm2(result5d) 3900.03543
Grid : Message : 47.237433 s : ConjugateGradient Converged on iteration 69	Computed residual 6.13391695e-17	True residual 5.05729972e-16	Target 1e-16
Grid : Message : 47.237470 s : 	Solver Elapsed    0.920104 s
Grid : Message : 47.251183 s : SchurRedBlackBase solver true unprec resid 4.37910577e-16
Grid : Message : 47.251212 s : spin 1 color 0 norm2(src5d) 32810.9355 norm2(result5d) 3888.00566
Grid : Message : 48.216849 s : ConjugateGradient Converged on iteration 69	Computed residual 5.96367497e-17	True residual 5.07678306e-16	Target 1e-16
Grid : Message : 48.216876 s : 	Solver Elapsed    0.929914 s
Grid : Message : 48.230492 s : SchurRedBlackBase solver true unprec resid 4.39451512e-16
Grid : Message : 48.230521 s : spin 1 color 1 norm2(src5d) 32606.0375 norm2(result5d) 3859.49696
Grid : Message : 49.193664 s : ConjugateGradient Converged on iteration 69	Computed residual 6.08115037e-17	True residual 5.09351198e-16	Target 1e-16
Grid : Message : 49.193683 s : 	Solver Elapsed    0.925656 s
Grid : Message : 49.208821 s : SchurRedBlackBase solver true unprec resid 4.39651244e-16
Grid : Message : 49.208843 s : spin 1 color 2 norm2(src5d) 32646.0549 norm2(result5d) 3876.62537
Grid : Message : 50.154505 s : ConjugateGradient Converged on iteration 68	Computed residual 9.96212762e-17	True residual 5.09508359e-16	Target 1e-16
Grid : Message : 50.154541 s : 	Solver Elapsed    0.909841 s
Grid : Message : 50.168067 s : SchurRedBlackBase solver true unprec resid 4.42464524e-16
Grid : Message : 50.168091 s : spin 2 color 0 norm2(src5d) 32777.0869 norm2(result5d) 3854.76044
Grid : Message : 51.155635 s : ConjugateGradient Converged on iteration 68	Computed residual 9.93047526e-17	True residual 5.13020272e-16	Target 1e-16
Grid : Message : 51.155667 s : 	Solver Elapsed    0.952296 s
Grid : Message : 51.169296 s : SchurRedBlackBase solver true unprec resid 4.45427661e-16
Grid : Message : 51.169324 s : spin 2 color 1 norm2(src5d) 32894.7068 norm2(result5d) 3910.49463
Grid : Message : 52.405591 s : ConjugateGradient Converged on iteration 69	Computed residual 6.14891126e-17	True residual 5.1067742e-16	Target 1e-16
Grid : Message : 52.405618 s : 	Solver Elapsed    1.195558 s
Grid : Message : 52.424082 s : SchurRedBlackBase solver true unprec resid 4.42389954e-16
Grid : Message : 52.424108 s : spin 2 color 2 norm2(src5d) 32883.3555 norm2(result5d) 3894.23251
Grid : Message : 53.417768 s : ConjugateGradient Converged on iteration 69	Computed residual 6.05345108e-17	True residual 5.12544339e-16	Target 1e-16
Grid : Message : 53.417800 s : 	Solver Elapsed    0.951920 s
Grid : Message : 53.432825 s : SchurRedBlackBase solver true unprec resid 4.41842964e-16
Grid : Message : 53.432855 s : spin 3 color 0 norm2(src5d) 32883.9308 norm2(result5d) 3905.23126
Grid : Message : 54.386222 s : ConjugateGradient Converged on iteration 68	Computed residual 9.83276324e-17	True residual 5.15433102e-16	Target 1e-16
Grid : Message : 54.386247 s : 	Solver Elapsed    0.917336 s
Grid : Message : 54.401522 s : SchurRedBlackBase solver true unprec resid 4.4816966e-16
Grid : Message : 54.401554 s : spin 3 color 1 norm2(src5d) 32848.5104 norm2(result5d) 3886.37717
Grid : Message : 55.709787 s : ConjugateGradient Converged on iteration 68	Computed residual 9.84280093e-17	True residual 5.1298296e-16	Target 1e-16
Grid : Message : 55.709818 s : 	Solver Elapsed    1.266693 s
Grid : Message : 55.729163 s : SchurRedBlackBase solver true unprec resid 4.45975506e-16
Grid : Message : 55.729187 s : spin 3 color 2 norm2(src5d) 32784.6306 norm2(result5d) 3897.08404
Grid : Message : 55.741212 s : -------------------- twisted propagator -epsilon
Grid : Message : 55.741500 s :  Twist [0] -0.127323956 phase(1,0)
Grid : Message : 57.888530 s : ConjugateGradient Converged on iteration 69	Computed residual 6.14663196e-17	True residual 5.06096131e-16	Target 1e-16
Grid : Message : 57.888830 s : 	Solver Elapsed    1.304074 s
Grid : Message : 57.107135 s : SchurRedBlackBase solver true unprec resid 4.3965696e-16
Grid : Message : 57.107165 s : spin 0 color 0 norm2(src5d) 32629.0728 norm2(result5d) 3891.4694
Grid : Message : 58.280758 s : ConjugateGradient Converged on iteration 69	Computed residual 6.16165027e-17	True residual 5.0821813e-16	Target 1e-16
Grid : Message : 58.280791 s : 	Solver Elapsed    1.120348 s
Grid : Message : 58.294986 s : SchurRedBlackBase solver true unprec resid 4.4029035e-16
Grid : Message : 58.295015 s : spin 0 color 1 norm2(src5d) 32862.8545 norm2(result5d) 3894.7871
Grid : Message : 59.521306 s : ConjugateGradient Converged on iteration 69	Computed residual 6.20174122e-17	True residual 5.07212006e-16	Target 1e-16
Grid : Message : 59.521343 s : 	Solver Elapsed    1.185392 s
Grid : Message : 59.540529 s : SchurRedBlackBase solver true unprec resid 4.38914626e-16
Grid : Message : 59.540560 s : spin 0 color 2 norm2(src5d) 32932.6083 norm2(result5d) 3907.75976
Grid : Message : 60.651646 s : ConjugateGradient Converged on iteration 69	Computed residual 6.34722774e-17	True residual 5.10407422e-16	Target 1e-16
Grid : Message : 60.651679 s : 	Solver Elapsed    1.065683 s
Grid : Message : 60.665673 s : SchurRedBlackBase solver true unprec resid 4.41118763e-16
Grid : Message : 60.665703 s : spin 1 color 0 norm2(src5d) 32810.9355 norm2(result5d) 3893.572
Grid : Message : 61.665934 s : ConjugateGradient Converged on iteration 69	Computed residual 6.23253699e-17	True residual 5.10058923e-16	Target 1e-16
Grid : Message : 61.665968 s : 	Solver Elapsed    0.963477 s
Grid : Message : 61.682925 s : SchurRedBlackBase solver true unprec resid 4.39137765e-16
Grid : Message : 61.682954 s : spin 1 color 1 norm2(src5d) 32606.0375 norm2(result5d) 3863.98615
Grid : Message : 62.652553 s : ConjugateGradient Converged on iteration 69	Computed residual 6.29347436e-17	True residual 5.09081354e-16	Target 1e-16
Grid : Message : 62.652585 s : 	Solver Elapsed    0.934477 s
Grid : Message : 62.669972 s : SchurRedBlackBase solver true unprec resid 4.39926243e-16
Grid : Message : 62.670003 s : spin 1 color 2 norm2(src5d) 32646.0549 norm2(result5d) 3878.54651
Grid : Message : 63.633945 s : ConjugateGradient Converged on iteration 69	Computed residual 6.02160627e-17	True residual 5.05840386e-16	Target 1e-16
Grid : Message : 63.633977 s : 	Solver Elapsed    0.926372 s
Grid : Message : 63.647866 s : SchurRedBlackBase solver true unprec resid 4.38029293e-16
Grid : Message : 63.647897 s : spin 2 color 0 norm2(src5d) 32777.0869 norm2(result5d) 3860.25895
Grid : Message : 64.630818 s : ConjugateGradient Converged on iteration 69	Computed residual 6.28232274e-17	True residual 5.14955855e-16	Target 1e-16
Grid : Message : 64.630853 s : 	Solver Elapsed    0.943501 s
Grid : Message : 64.645402 s : SchurRedBlackBase solver true unprec resid 4.43532237e-16
Grid : Message : 64.645432 s : spin 2 color 1 norm2(src5d) 32894.7068 norm2(result5d) 3913.75045
Grid : Message : 65.614403 s : ConjugateGradient Converged on iteration 69	Computed residual 6.29705417e-17	True residual 5.02631458e-16	Target 1e-16
Grid : Message : 65.614439 s : 	Solver Elapsed    0.932820 s
Grid : Message : 65.629504 s : SchurRedBlackBase solver true unprec resid 4.36457764e-16
Grid : Message : 65.629535 s : spin 2 color 2 norm2(src5d) 32883.3555 norm2(result5d) 3898.25663
Grid : Message : 66.633827 s : ConjugateGradient Converged on iteration 69	Computed residual 6.31711001e-17	True residual 5.05645241e-16	Target 1e-16
Grid : Message : 66.633873 s : 	Solver Elapsed    0.966927 s
Grid : Message : 66.647803 s : SchurRedBlackBase solver true unprec resid 4.37140184e-16
Grid : Message : 66.647832 s : spin 3 color 0 norm2(src5d) 32883.9308 norm2(result5d) 3912.25659
Grid : Message : 67.599513 s : ConjugateGradient Converged on iteration 69	Computed residual 6.09656138e-17	True residual 5.09010011e-16	Target 1e-16
Grid : Message : 67.599548 s : 	Solver Elapsed    0.915628 s
Grid : Message : 67.613853 s : SchurRedBlackBase solver true unprec resid 4.41169439e-16
Grid : Message : 67.613882 s : spin 3 color 1 norm2(src5d) 32848.5104 norm2(result5d) 3892.56404
Grid : Message : 68.572274 s : ConjugateGradient Converged on iteration 69	Computed residual 6.11154203e-17	True residual 5.08132069e-16	Target 1e-16
Grid : Message : 68.572308 s : 	Solver Elapsed    0.923333 s
Grid : Message : 68.585638 s : SchurRedBlackBase solver true unprec resid 4.41035658e-16
Grid : Message : 68.585668 s : spin 3 color 2 norm2(src5d) 32784.6306 norm2(result5d) 3902.47382
Grid : Message : 68.666114 s : -------------------- results
Grid : Message : 68.666147 s : 1st order numerical derivative -- norm2= 6527.94588 epsilon= 0.100000001
Grid : Message : 68.700635 s : 1st order sequential insertion -- norm2= 6584.00804
Grid : Message : 68.734922 s : Diff -- norm_abs= 0.508301216 norm_rel= 0.00627775813
Grid : Message : 68.859709 s : 2nd order numerical derivative -- norm2= 4110.32769 epsilon= 0.100000001
Grid : Message : 68.894190 s : 2nd order sequential insertion -- norm2= 4149.63518
Grid : Message : 68.928812 s : Diff -- norm_abs= 0.421466642 norm_rel= 0.00655830323
Grid : Message : 69.532860 s : ==================== Moebius DWF perturbative test
Grid : Message : 69.682380 s : -------------------- untwisted propagator
Grid : Message : 70.751090 s : ConjugateGradient Converged on iteration 73	Computed residual 9.14145382e-17	True residual 4.63598265e-16	Target 1e-16
Grid : Message : 70.751430 s : 	Solver Elapsed    0.978154 s
Grid : Message : 70.885230 s : SchurRedBlackBase solver true unprec resid 3.83741513e-16
Grid : Message : 70.885450 s : spin 0 color 0 norm2(src5d) 35818.0409 norm2(result5d) 1153.46772
Grid : Message : 71.972130 s : ConjugateGradient Converged on iteration 73	Computed residual 9.26843383e-17	True residual 4.69565273e-16	Target 1e-16
Grid : Message : 71.972440 s : 	Solver Elapsed    0.974310 s
Grid : Message : 71.112494 s : SchurRedBlackBase solver true unprec resid 3.86678339e-16
Grid : Message : 71.112513 s : spin 0 color 1 norm2(src5d) 36386.3408 norm2(result5d) 1162.03003
Grid : Message : 72.134024 s : ConjugateGradient Converged on iteration 73	Computed residual 9.39242807e-17	True residual 4.66980513e-16	Target 1e-16
Grid : Message : 72.134051 s : 	Solver Elapsed    0.984834 s
Grid : Message : 72.147414 s : SchurRedBlackBase solver true unprec resid 3.85537846e-16
Grid : Message : 72.147443 s : spin 0 color 2 norm2(src5d) 36119.638 norm2(result5d) 1158.22552
Grid : Message : 73.175104 s : ConjugateGradient Converged on iteration 73	Computed residual 9.49300289e-17	True residual 4.67801508e-16	Target 1e-16
Grid : Message : 73.175130 s : 	Solver Elapsed    0.990497 s
Grid : Message : 73.190277 s : SchurRedBlackBase solver true unprec resid 3.8571059e-16
Grid : Message : 73.190310 s : spin 1 color 0 norm2(src5d) 36149.818 norm2(result5d) 1152.58563
Grid : Message : 74.206070 s : ConjugateGradient Converged on iteration 73	Computed residual 9.08884854e-17	True residual 4.67395659e-16	Target 1e-16
Grid : Message : 74.206105 s : 	Solver Elapsed    0.979413 s
Grid : Message : 74.221064 s : SchurRedBlackBase solver true unprec resid 3.8571756e-16
Grid : Message : 74.221091 s : spin 1 color 1 norm2(src5d) 36046.2033 norm2(result5d) 1152.30619
Grid : Message : 75.238795 s : ConjugateGradient Converged on iteration 73	Computed residual 9.33717323e-17	True residual 4.66717839e-16	Target 1e-16
Grid : Message : 75.238830 s : 	Solver Elapsed    0.979109 s
Grid : Message : 75.254890 s : SchurRedBlackBase solver true unprec resid 3.85371944e-16
Grid : Message : 75.254926 s : spin 1 color 2 norm2(src5d) 35922.9579 norm2(result5d) 1151.3103
Grid : Message : 76.409387 s : ConjugateGradient Converged on iteration 73	Computed residual 9.21457494e-17	True residual 4.64941451e-16	Target 1e-16
Grid : Message : 76.409416 s : 	Solver Elapsed    1.114276 s
Grid : Message : 76.423976 s : SchurRedBlackBase solver true unprec resid 3.84907901e-16
Grid : Message : 76.424007 s : spin 2 color 0 norm2(src5d) 36157.2449 norm2(result5d) 1154.27143
Grid : Message : 77.580013 s : ConjugateGradient Converged on iteration 73	Computed residual 9.20987324e-17	True residual 4.64881014e-16	Target 1e-16
Grid : Message : 77.580039 s : 	Solver Elapsed    1.112126 s
Grid : Message : 77.593521 s : SchurRedBlackBase solver true unprec resid 3.84457179e-16
Grid : Message : 77.593547 s : spin 2 color 1 norm2(src5d) 36174.051 norm2(result5d) 1160.43399
Grid : Message : 78.647045 s : ConjugateGradient Converged on iteration 73	Computed residual 9.4860888e-17	True residual 4.64804604e-16	Target 1e-16
Grid : Message : 78.647083 s : 	Solver Elapsed    1.018530 s
Grid : Message : 78.660763 s : SchurRedBlackBase solver true unprec resid 3.86226214e-16
Grid : Message : 78.660786 s : spin 2 color 2 norm2(src5d) 36203.2185 norm2(result5d) 1161.15088
Grid : Message : 79.673138 s : ConjugateGradient Converged on iteration 73	Computed residual 9.26105894e-17	True residual 4.65072263e-16	Target 1e-16
Grid : Message : 79.673175 s : 	Solver Elapsed    0.977061 s
Grid : Message : 79.686934 s : SchurRedBlackBase solver true unprec resid 3.8310199e-16
Grid : Message : 79.686973 s : spin 3 color 0 norm2(src5d) 36231.8494 norm2(result5d) 1161.41341
Grid : Message : 80.697127 s : ConjugateGradient Converged on iteration 73	Computed residual 9.04821142e-17	True residual 4.62350664e-16	Target 1e-16
Grid : Message : 80.697161 s : 	Solver Elapsed    0.975431 s
Grid : Message : 80.710484 s : SchurRedBlackBase solver true unprec resid 3.83046091e-16
Grid : Message : 80.710513 s : spin 3 color 1 norm2(src5d) 36190.2968 norm2(result5d) 1158.68734
Grid : Message : 81.721543 s : ConjugateGradient Converged on iteration 73	Computed residual 8.85146011e-17	True residual 4.61812977e-16	Target 1e-16
Grid : Message : 81.721567 s : 	Solver Elapsed    0.973848 s
Grid : Message : 81.734971 s : SchurRedBlackBase solver true unprec resid 3.83568172e-16
Grid : Message : 81.735001 s : spin 3 color 2 norm2(src5d) 35931.5975 norm2(result5d) 1154.40278
Grid : Message : 81.743842 s : -------------------- sequential propagators
Grid : Message : 83.262900 s : ConjugateGradient Converged on iteration 74	Computed residual 7.80342465e-17	True residual 5.40551046e-16	Target 1e-16
Grid : Message : 83.262920 s : 	Solver Elapsed    1.017764 s
Grid : Message : 83.276678 s : SchurRedBlackBase solver true unprec resid 4.93499047e-16
Grid : Message : 83.276702 s : spin 0 color 0 norm2(src5d) 7781.55785 norm2(result5d) 442.635796
Grid : Message : 84.310252 s : ConjugateGradient Converged on iteration 74	Computed residual 7.88654574e-17	True residual 5.42824346e-16	Target 1e-16
Grid : Message : 84.310280 s : 	Solver Elapsed    1.000246 s
Grid : Message : 84.323986 s : SchurRedBlackBase solver true unprec resid 4.95715078e-16
Grid : Message : 84.324019 s : spin 0 color 1 norm2(src5d) 7788.01471 norm2(result5d) 442.88649
Grid : Message : 85.351526 s : ConjugateGradient Converged on iteration 74	Computed residual 7.75276149e-17	True residual 5.4551642e-16	Target 1e-16
Grid : Message : 85.351552 s : 	Solver Elapsed    0.993739 s
Grid : Message : 85.366110 s : SchurRedBlackBase solver true unprec resid 4.95521895e-16
Grid : Message : 85.366131 s : spin 0 color 2 norm2(src5d) 7812.88632 norm2(result5d) 443.408313
Grid : Message : 86.411482 s : ConjugateGradient Converged on iteration 74	Computed residual 7.81344796e-17	True residual 5.4039241e-16	Target 1e-16
Grid : Message : 86.411515 s : 	Solver Elapsed    1.012749 s
Grid : Message : 86.424970 s : SchurRedBlackBase solver true unprec resid 4.9347218e-16
Grid : Message : 86.424997 s : spin 1 color 0 norm2(src5d) 7786.39377 norm2(result5d) 440.550465
Grid : Message : 87.443495 s : ConjugateGradient Converged on iteration 74	Computed residual 7.61128664e-17	True residual 5.43064379e-16	Target 1e-16
Grid : Message : 87.443529 s : 	Solver Elapsed    0.986742 s
Grid : Message : 87.457214 s : SchurRedBlackBase solver true unprec resid 4.95003535e-16
Grid : Message : 87.457247 s : spin 1 color 1 norm2(src5d) 7728.41763 norm2(result5d) 438.313875
Grid : Message : 88.495615 s : ConjugateGradient Converged on iteration 74	Computed residual 7.69485785e-17	True residual 5.44221561e-16	Target 1e-16
Grid : Message : 88.495643 s : 	Solver Elapsed    1.004496 s
Grid : Message : 88.509994 s : SchurRedBlackBase solver true unprec resid 4.95957704e-16
Grid : Message : 88.510024 s : spin 1 color 2 norm2(src5d) 7760.06975 norm2(result5d) 440.171232
Grid : Message : 89.530397 s : ConjugateGradient Converged on iteration 74	Computed residual 7.62034319e-17	True residual 5.39395426e-16	Target 1e-16
Grid : Message : 89.530421 s : 	Solver Elapsed    0.987600 s
Grid : Message : 89.543781 s : SchurRedBlackBase solver true unprec resid 4.91730212e-16
Grid : Message : 89.543805 s : spin 2 color 0 norm2(src5d) 7719.78189 norm2(result5d) 436.9123
Grid : Message : 90.581488 s : ConjugateGradient Converged on iteration 74	Computed residual 7.88615109e-17	True residual 5.3905534e-16	Target 1e-16
Grid : Message : 90.581510 s : 	Solver Elapsed    1.004619 s
Grid : Message : 90.595111 s : SchurRedBlackBase solver true unprec resid 4.90665509e-16
Grid : Message : 90.595137 s : spin 2 color 1 norm2(src5d) 7829.45501 norm2(result5d) 443.870176
Grid : Message : 91.721035 s : ConjugateGradient Converged on iteration 74	Computed residual 7.51765933e-17	True residual 5.40743221e-16	Target 1e-16
Grid : Message : 91.721066 s : 	Solver Elapsed    1.088519 s
Grid : Message : 91.744095 s : SchurRedBlackBase solver true unprec resid 4.93722718e-16
Grid : Message : 91.744124 s : spin 2 color 2 norm2(src5d) 7797.53295 norm2(result5d) 443.14319
Grid : Message : 92.890088 s : ConjugateGradient Converged on iteration 74	Computed residual 7.82493012e-17	True residual 5.40007978e-16	Target 1e-16
Grid : Message : 92.890120 s : 	Solver Elapsed    1.099070 s
Grid : Message : 92.903896 s : SchurRedBlackBase solver true unprec resid 4.93415718e-16
Grid : Message : 92.903923 s : spin 3 color 0 norm2(src5d) 7822.58519 norm2(result5d) 444.756295
Grid : Message : 94.109700 s : ConjugateGradient Converged on iteration 74	Computed residual 7.80220986e-17	True residual 5.39973361e-16	Target 1e-16
Grid : Message : 94.113500 s : 	Solver Elapsed    1.063174 s
Grid : Message : 94.162950 s : SchurRedBlackBase solver true unprec resid 4.94647541e-16
Grid : Message : 94.163320 s : spin 3 color 1 norm2(src5d) 7783.72043 norm2(result5d) 440.420241
Grid : Message : 95.658230 s : ConjugateGradient Converged on iteration 74	Computed residual 7.82966415e-17	True residual 5.45617891e-16	Target 1e-16
Grid : Message : 95.658560 s : 	Solver Elapsed    1.017009 s
Grid : Message : 95.795330 s : SchurRedBlackBase solver true unprec resid 4.95671119e-16
Grid : Message : 95.795630 s : spin 3 color 2 norm2(src5d) 7804.46125 norm2(result5d) 442.633784
Grid : Message : 95.885650 s : -------------------- double sequential propagator
Grid : Message : 97.181763 s : ConjugateGradient Converged on iteration 74	Computed residual 8.68136288e-17	True residual 5.83689792e-16	Target 1e-16
Grid : Message : 97.181793 s : 	Solver Elapsed    1.079200 s
Grid : Message : 97.201066 s : SchurRedBlackBase solver true unprec resid 5.45155338e-16
Grid : Message : 97.201094 s : spin 0 color 0 norm2(src5d) 3814.64897 norm2(result5d) 263.583254
Grid : Message : 98.246900 s : ConjugateGradient Converged on iteration 74	Computed residual 9.14155245e-17	True residual 5.84748837e-16	Target 1e-16
Grid : Message : 98.246937 s : 	Solver Elapsed    1.010376 s
Grid : Message : 98.261802 s : SchurRedBlackBase solver true unprec resid 5.46052302e-16
Grid : Message : 98.261829 s : spin 0 color 1 norm2(src5d) 3819.51294 norm2(result5d) 264.234011
Grid : Message : 99.322107 s : ConjugateGradient Converged on iteration 74	Computed residual 8.71968509e-17	True residual 5.83744925e-16	Target 1e-16
Grid : Message : 99.322136 s : 	Solver Elapsed    1.024159 s
Grid : Message : 99.335758 s : SchurRedBlackBase solver true unprec resid 5.45315951e-16
Grid : Message : 99.335790 s : spin 0 color 2 norm2(src5d) 3824.93147 norm2(result5d) 264.512306
Grid : Message : 100.367625 s : ConjugateGradient Converged on iteration 74	Computed residual 8.61961308e-17	True residual 5.84914879e-16	Target 1e-16
Grid : Message : 100.367661 s : 	Solver Elapsed    0.998199 s
Grid : Message : 100.383242 s : SchurRedBlackBase solver true unprec resid 5.46211565e-16
Grid : Message : 100.383270 s : spin 1 color 0 norm2(src5d) 3791.98475 norm2(result5d) 261.978344
Grid : Message : 101.404698 s : ConjugateGradient Converged on iteration 74	Computed residual 8.11820149e-17	True residual 5.81279483e-16	Target 1e-16
Grid : Message : 101.404728 s : 	Solver Elapsed    0.989139 s
Grid : Message : 101.420349 s : SchurRedBlackBase solver true unprec resid 5.44380158e-16
Grid : Message : 101.420376 s : spin 1 color 1 norm2(src5d) 3778.72036 norm2(result5d) 260.418849
Grid : Message : 102.441800 s : ConjugateGradient Converged on iteration 74	Computed residual 9.14682882e-17	True residual 5.83504778e-16	Target 1e-16
Grid : Message : 102.441832 s : 	Solver Elapsed    0.990011 s
Grid : Message : 102.455452 s : SchurRedBlackBase solver true unprec resid 5.46670085e-16
Grid : Message : 102.455478 s : spin 1 color 2 norm2(src5d) 3793.31835 norm2(result5d) 261.696014
Grid : Message : 103.473471 s : ConjugateGradient Converged on iteration 74	Computed residual 8.695783e-17	True residual 5.78837464e-16	Target 1e-16
Grid : Message : 103.473496 s : 	Solver Elapsed    0.984412 s
Grid : Message : 103.491131 s : SchurRedBlackBase solver true unprec resid 5.43261718e-16
Grid : Message : 103.491158 s : spin 2 color 0 norm2(src5d) 3763.46407 norm2(result5d) 258.722308
Grid : Message : 104.515638 s : ConjugateGradient Converged on iteration 74	Computed residual 8.25157237e-17	True residual 5.83493624e-16	Target 1e-16
Grid : Message : 104.515660 s : 	Solver Elapsed    0.988727 s
Grid : Message : 104.529033 s : SchurRedBlackBase solver true unprec resid 5.46190984e-16
Grid : Message : 104.529057 s : spin 2 color 1 norm2(src5d) 3830.37033 norm2(result5d) 264.599848
Grid : Message : 105.546302 s : ConjugateGradient Converged on iteration 74	Computed residual 8.63778016e-17	True residual 5.78442206e-16	Target 1e-16
Grid : Message : 105.546333 s : 	Solver Elapsed    0.984182 s
Grid : Message : 105.559922 s : SchurRedBlackBase solver true unprec resid 5.4139855e-16
Grid : Message : 105.559944 s : spin 2 color 2 norm2(src5d) 3818.73321 norm2(result5d) 264.15882
Grid : Message : 106.579380 s : ConjugateGradient Converged on iteration 74	Computed residual 8.30890132e-17	True residual 5.81301365e-16	Target 1e-16
Grid : Message : 106.579410 s : 	Solver Elapsed    0.986676 s
Grid : Message : 106.595649 s : SchurRedBlackBase solver true unprec resid 5.44670101e-16
Grid : Message : 106.595671 s : spin 3 color 0 norm2(src5d) 3834.68988 norm2(result5d) 265.264211
Grid : Message : 107.616566 s : ConjugateGradient Converged on iteration 74	Computed residual 8.07873465e-17	True residual 5.85172138e-16	Target 1e-16
Grid : Message : 107.616591 s : 	Solver Elapsed    0.987651 s
Grid : Message : 107.632119 s : SchurRedBlackBase solver true unprec resid 5.44532152e-16
Grid : Message : 107.632153 s : spin 3 color 1 norm2(src5d) 3797.93762 norm2(result5d) 261.131694
Grid : Message : 108.651135 s : ConjugateGradient Converged on iteration 74	Computed residual 8.31476802e-17	True residual 5.77348158e-16	Target 1e-16
Grid : Message : 108.651167 s : 	Solver Elapsed    0.986049 s
Grid : Message : 108.669160 s : SchurRedBlackBase solver true unprec resid 5.4061088e-16
Grid : Message : 108.669186 s : spin 3 color 2 norm2(src5d) 3815.29551 norm2(result5d) 262.733545
Grid : Message : 108.678115 s : -------------------- twisted propagator +epsilon
Grid : Message : 108.678401 s :  Twist [0] 0.127323956 phase(1,0)
Grid : Message : 109.678467 s : ConjugateGradient Converged on iteration 73	Computed residual 8.74958377e-17	True residual 4.62095254e-16	Target 1e-16
Grid : Message : 109.678491 s : 	Solver Elapsed    0.966905 s
Grid : Message : 109.691974 s : SchurRedBlackBase solver true unprec resid 3.83927139e-16
Grid : Message : 109.691999 s : spin 0 color 0 norm2(src5d) 35837.3958 norm2(result5d) 1152.90979
Grid : Message : 110.712543 s : ConjugateGradient Converged on iteration 73	Computed residual 8.89267252e-17	True residual 4.62954478e-16	Target 1e-16
Grid : Message : 110.712576 s : 	Solver Elapsed    0.981770 s
Grid : Message : 110.728065 s : SchurRedBlackBase solver true unprec resid 3.81878945e-16
Grid : Message : 110.728088 s : spin 0 color 1 norm2(src5d) 36406.8757 norm2(result5d) 1161.83707
Grid : Message : 111.733787 s : ConjugateGradient Converged on iteration 73	Computed residual 9.10329408e-17	True residual 4.62003101e-16	Target 1e-16
Grid : Message : 111.733818 s : 	Solver Elapsed    0.971320 s
Grid : Message : 111.749154 s : SchurRedBlackBase solver true unprec resid 3.8273574e-16
Grid : Message : 111.749176 s : spin 0 color 2 norm2(src5d) 36130.1929 norm2(result5d) 1157.6126
Grid : Message : 112.753719 s : ConjugateGradient Converged on iteration 73	Computed residual 9.10541748e-17	True residual 4.64690708e-16	Target 1e-16
Grid : Message : 112.753744 s : 	Solver Elapsed    0.969344 s
Grid : Message : 112.767184 s : SchurRedBlackBase solver true unprec resid 3.82507952e-16
Grid : Message : 112.767210 s : spin 1 color 0 norm2(src5d) 36158.3891 norm2(result5d) 1152.10453
Grid : Message : 113.783456 s : ConjugateGradient Converged on iteration 73	Computed residual 8.80286231e-17	True residual 4.60576357e-16	Target 1e-16
Grid : Message : 113.783481 s : 	Solver Elapsed    0.979592 s
Grid : Message : 113.799476 s : SchurRedBlackBase solver true unprec resid 3.7946494e-16
Grid : Message : 113.799499 s : spin 1 color 1 norm2(src5d) 36045.7862 norm2(result5d) 1151.50323
Grid : Message : 114.809049 s : ConjugateGradient Converged on iteration 73	Computed residual 9.00055175e-17	True residual 4.61422748e-16	Target 1e-16
Grid : Message : 114.809076 s : 	Solver Elapsed    0.974439 s
Grid : Message : 114.823990 s : SchurRedBlackBase solver true unprec resid 3.83026315e-16
Grid : Message : 114.824015 s : spin 1 color 2 norm2(src5d) 35929.6329 norm2(result5d) 1150.8362
Grid : Message : 115.831693 s : ConjugateGradient Converged on iteration 73	Computed residual 8.89482083e-17	True residual 4.59001194e-16	Target 1e-16
Grid : Message : 115.831712 s : 	Solver Elapsed    0.973078 s
Grid : Message : 115.845365 s : SchurRedBlackBase solver true unprec resid 3.82580049e-16
Grid : Message : 115.845386 s : spin 2 color 0 norm2(src5d) 36175.0013 norm2(result5d) 1153.99966
Grid : Message : 116.856172 s : ConjugateGradient Converged on iteration 73	Computed residual 8.85420244e-17	True residual 4.6545391e-16	Target 1e-16
Grid : Message : 116.856193 s : 	Solver Elapsed    0.975957 s
Grid : Message : 116.869611 s : SchurRedBlackBase solver true unprec resid 3.83160271e-16
Grid : Message : 116.869633 s : spin 2 color 1 norm2(src5d) 36185.5906 norm2(result5d) 1160.13295
Grid : Message : 117.884345 s : ConjugateGradient Converged on iteration 73	Computed residual 9.19190785e-17	True residual 4.61920558e-16	Target 1e-16
Grid : Message : 117.884363 s : 	Solver Elapsed    0.980087 s
Grid : Message : 117.897850 s : SchurRedBlackBase solver true unprec resid 3.8395688e-16
Grid : Message : 117.897874 s : spin 2 color 2 norm2(src5d) 36208.4463 norm2(result5d) 1160.58939
Grid : Message : 118.919459 s : ConjugateGradient Converged on iteration 73	Computed residual 8.87873601e-17	True residual 4.64962241e-16	Target 1e-16
Grid : Message : 118.919486 s : 	Solver Elapsed    0.986910 s
Grid : Message : 118.933209 s : SchurRedBlackBase solver true unprec resid 3.82826699e-16
Grid : Message : 118.933232 s : spin 3 color 0 norm2(src5d) 36248.3066 norm2(result5d) 1161.04493
Grid : Message : 119.949956 s : ConjugateGradient Converged on iteration 73	Computed residual 8.70687471e-17	True residual 4.59564982e-16	Target 1e-16
Grid : Message : 119.949982 s : 	Solver Elapsed    0.980565 s
Grid : Message : 119.964044 s : SchurRedBlackBase solver true unprec resid 3.80616231e-16
Grid : Message : 119.964069 s : spin 3 color 1 norm2(src5d) 36210.2511 norm2(result5d) 1158.22982
Grid : Message : 120.990483 s : ConjugateGradient Converged on iteration 73	Computed residual 8.52474189e-17	True residual 4.62380969e-16	Target 1e-16
Grid : Message : 120.990507 s : 	Solver Elapsed    0.989890 s
Grid : Message : 121.481500 s : SchurRedBlackBase solver true unprec resid 3.83153795e-16
Grid : Message : 121.483600 s : spin 3 color 2 norm2(src5d) 35947.6725 norm2(result5d) 1154.00707
Grid : Message : 121.158850 s : -------------------- twisted propagator -epsilon
Grid : Message : 121.161590 s :  Twist [0] -0.127323956 phase(1,0)
Grid : Message : 122.389000 s : ConjugateGradient Converged on iteration 73	Computed residual 9.23496423e-17	True residual 4.68544573e-16	Target 1e-16
Grid : Message : 122.389260 s : 	Solver Elapsed    0.992027 s
Grid : Message : 122.524260 s : SchurRedBlackBase solver true unprec resid 3.86075147e-16
Grid : Message : 122.524480 s : spin 0 color 0 norm2(src5d) 35808.1215 norm2(result5d) 1153.73013
Grid : Message : 123.766840 s : ConjugateGradient Converged on iteration 73	Computed residual 9.32970316e-17	True residual 4.65932956e-16	Target 1e-16
Grid : Message : 123.767000 s : 	Solver Elapsed    0.989875 s
Grid : Message : 123.901430 s : SchurRedBlackBase solver true unprec resid 3.84169394e-16
Grid : Message : 123.901720 s : spin 0 color 1 norm2(src5d) 36374.3371 norm2(result5d) 1161.86766
Grid : Message : 124.108359 s : ConjugateGradient Converged on iteration 73	Computed residual 9.37355129e-17	True residual 4.63814604e-16	Target 1e-16
Grid : Message : 124.108381 s : 	Solver Elapsed    0.981955 s
Grid : Message : 124.121807 s : SchurRedBlackBase solver true unprec resid 3.83745251e-16
Grid : Message : 124.121829 s : spin 0 color 2 norm2(src5d) 36118.5903 norm2(result5d) 1158.51757
Grid : Message : 125.131139 s : ConjugateGradient Converged on iteration 73	Computed residual 9.51064128e-17	True residual 4.65817671e-16	Target 1e-16
Grid : Message : 125.131160 s : 	Solver Elapsed    0.970293 s
Grid : Message : 125.144512 s : SchurRedBlackBase solver true unprec resid 3.8378472e-16
Grid : Message : 125.144534 s : spin 1 color 0 norm2(src5d) 36149.5992 norm2(result5d) 1152.82428
Grid : Message : 126.149185 s : ConjugateGradient Converged on iteration 73	Computed residual 9.14930523e-17	True residual 4.66156426e-16	Target 1e-16
Grid : Message : 126.149210 s : 	Solver Elapsed    0.970063 s
Grid : Message : 126.164797 s : SchurRedBlackBase solver true unprec resid 3.84252616e-16
Grid : Message : 126.164819 s : spin 1 color 1 norm2(src5d) 36054.0418 norm2(result5d) 1152.77047
Grid : Message : 127.171265 s : ConjugateGradient Converged on iteration 73	Computed residual 9.33541897e-17	True residual 4.67070453e-16	Target 1e-16
Grid : Message : 127.171286 s : 	Solver Elapsed    0.969728 s
Grid : Message : 127.184826 s : SchurRedBlackBase solver true unprec resid 3.85705804e-16
Grid : Message : 127.184853 s : spin 1 color 2 norm2(src5d) 35924.6526 norm2(result5d) 1151.45854
Grid : Message : 128.189732 s : ConjugateGradient Converged on iteration 73	Computed residual 9.19200278e-17	True residual 4.68591529e-16	Target 1e-16
Grid : Message : 128.189753 s : 	Solver Elapsed    0.968728 s
Grid : Message : 128.203516 s : SchurRedBlackBase solver true unprec resid 3.85725103e-16
Grid : Message : 128.203537 s : spin 2 color 0 norm2(src5d) 36148.1487 norm2(result5d) 1154.24814
Grid : Message : 129.223872 s : ConjugateGradient Converged on iteration 73	Computed residual 9.3670447e-17	True residual 4.64812296e-16	Target 1e-16
Grid : Message : 129.223887 s : 	Solver Elapsed    0.982881 s
Grid : Message : 129.237534 s : SchurRedBlackBase solver true unprec resid 3.85866086e-16
Grid : Message : 129.237554 s : spin 2 color 1 norm2(src5d) 36171.1708 norm2(result5d) 1160.35558
Grid : Message : 130.254327 s : ConjugateGradient Converged on iteration 73	Computed residual 9.43402333e-17	True residual 4.65272125e-16	Target 1e-16
Grid : Message : 130.254348 s : 	Solver Elapsed    0.976981 s
Grid : Message : 130.267682 s : SchurRedBlackBase solver true unprec resid 3.85040357e-16
Grid : Message : 130.267704 s : spin 2 color 2 norm2(src5d) 36206.5507 norm2(result5d) 1161.36362
Grid : Message : 131.282907 s : ConjugateGradient Converged on iteration 73	Computed residual 9.38513537e-17	True residual 4.68067815e-16	Target 1e-16
Grid : Message : 131.282927 s : 	Solver Elapsed    0.980706 s
Grid : Message : 131.296410 s : SchurRedBlackBase solver true unprec resid 3.85556495e-16
Grid : Message : 131.296433 s : spin 3 color 0 norm2(src5d) 36224.1402 norm2(result5d) 1161.44275
Grid : Message : 132.310617 s : ConjugateGradient Converged on iteration 73	Computed residual 9.08344629e-17	True residual 4.63862319e-16	Target 1e-16
Grid : Message : 132.310639 s : 	Solver Elapsed    0.978274 s
Grid : Message : 132.324001 s : SchurRedBlackBase solver true unprec resid 3.84180429e-16
Grid : Message : 132.324025 s : spin 3 color 1 norm2(src5d) 36178.8612 norm2(result5d) 1158.84758
Grid : Message : 133.327076 s : ConjugateGradient Converged on iteration 73	Computed residual 8.98706528e-17	True residual 4.64114359e-16	Target 1e-16
Grid : Message : 133.327094 s : 	Solver Elapsed    0.968666 s
Grid : Message : 133.340512 s : SchurRedBlackBase solver true unprec resid 3.84574326e-16
Grid : Message : 133.340535 s : spin 3 color 2 norm2(src5d) 35925.4449 norm2(result5d) 1154.52785
Grid : Message : 133.419044 s : -------------------- results
Grid : Message : 133.419061 s : 1st order numerical derivative -- norm2= 5257.06446 epsilon= 0.100000001
Grid : Message : 133.453316 s : 1st order sequential insertion -- norm2= 5299.70216
Grid : Message : 133.493370 s : Diff -- norm_abs= 0.429763109 norm_rel= 0.00591535168
Grid : Message : 133.618075 s : 2nd order numerical derivative -- norm2= 3124.90649 epsilon= 0.100000001
Grid : Message : 133.652380 s : 2nd order sequential insertion -- norm2= 3153.0332
Grid : Message : 133.686632 s : Diff -- norm_abs= 0.348262788 norm_rel= 0.00621606573
Grid : Message : 133.814962 s : ==================== z-Moebius DWF perturbative test
Grid : Message : 133.828421 s : -------------------- untwisted propagator
Grid : Message : 135.634900 s : ConjugateGradient Converged on iteration 81	Computed residual 6.42767463e-17	True residual 5.13807592e-16	Target 1e-16
Grid : Message : 135.638300 s : 	Solver Elapsed    1.148131 s
Grid : Message : 135.224800 s : SchurRedBlackBase solver true unprec resid 4.64855988e-16
Grid : Message : 135.225140 s : spin 0 color 0 norm2(src5d) 4720262.96 norm2(result5d) 25898.5844
Grid : Message : 136.175691 s : ConjugateGradient Converged on iteration 81	Computed residual 6.50304927e-17	True residual 5.03680904e-16	Target 1e-16
Grid : Message : 136.175731 s : 	Solver Elapsed    1.118885 s
Grid : Message : 136.189122 s : SchurRedBlackBase solver true unprec resid 4.60416599e-16
Grid : Message : 136.189152 s : spin 0 color 1 norm2(src5d) 4794287.06 norm2(result5d) 26086.4715
Grid : Message : 137.318341 s : ConjugateGradient Converged on iteration 81	Computed residual 6.62577178e-17	True residual 5.06157504e-16	Target 1e-16
Grid : Message : 137.318368 s : 	Solver Elapsed    1.093294 s
Grid : Message : 137.334378 s : SchurRedBlackBase solver true unprec resid 4.6361194e-16
Grid : Message : 137.334409 s : spin 0 color 2 norm2(src5d) 4765630.56 norm2(result5d) 26153.2386
Grid : Message : 138.461852 s : ConjugateGradient Converged on iteration 81	Computed residual 6.50226449e-17	True residual 5.03990361e-16	Target 1e-16
Grid : Message : 138.461883 s : 	Solver Elapsed    1.090110 s
Grid : Message : 138.476095 s : SchurRedBlackBase solver true unprec resid 4.60616292e-16
Grid : Message : 138.476126 s : spin 1 color 0 norm2(src5d) 4772087.54 norm2(result5d) 26072.9249
Grid : Message : 139.578371 s : ConjugateGradient Converged on iteration 80	Computed residual 9.82563955e-17	True residual 5.18515395e-16	Target 1e-16
Grid : Message : 139.578396 s : 	Solver Elapsed    1.066089 s
Grid : Message : 139.594068 s : SchurRedBlackBase solver true unprec resid 4.70433011e-16
Grid : Message : 139.594096 s : spin 1 color 1 norm2(src5d) 4765396.91 norm2(result5d) 25950.3303
Grid : Message : 140.704708 s : ConjugateGradient Converged on iteration 80	Computed residual 9.84382123e-17	True residual 5.0847088e-16	Target 1e-16
Grid : Message : 140.704744 s : 	Solver Elapsed    1.076079 s
Grid : Message : 140.718780 s : SchurRedBlackBase solver true unprec resid 4.66259742e-16
Grid : Message : 140.718806 s : spin 1 color 2 norm2(src5d) 4740100.23 norm2(result5d) 25922.7087
Grid : Message : 141.822339 s : ConjugateGradient Converged on iteration 80	Computed residual 9.91049653e-17	True residual 5.13267455e-16	Target 1e-16
Grid : Message : 141.822365 s : 	Solver Elapsed    1.069063 s
Grid : Message : 141.835896 s : SchurRedBlackBase solver true unprec resid 4.69822601e-16
Grid : Message : 141.835923 s : spin 2 color 0 norm2(src5d) 4748876.31 norm2(result5d) 25978.2934
Grid : Message : 142.959917 s : ConjugateGradient Converged on iteration 80	Computed residual 9.8361188e-17	True residual 5.19921965e-16	Target 1e-16
Grid : Message : 142.959958 s : 	Solver Elapsed    1.088864 s
Grid : Message : 142.973758 s : SchurRedBlackBase solver true unprec resid 4.70540621e-16
Grid : Message : 142.973786 s : spin 2 color 1 norm2(src5d) 4792035.42 norm2(result5d) 26122.2107
Grid : Message : 144.251100 s : ConjugateGradient Converged on iteration 81	Computed residual 6.42549457e-17	True residual 5.10061287e-16	Target 1e-16
Grid : Message : 144.251144 s : 	Solver Elapsed    1.242240 s
Grid : Message : 144.264726 s : SchurRedBlackBase solver true unprec resid 4.61518118e-16
Grid : Message : 144.264754 s : spin 2 color 2 norm2(src5d) 4772906.39 norm2(result5d) 26112.8611
Grid : Message : 145.444005 s : ConjugateGradient Converged on iteration 80	Computed residual 9.9412053e-17	True residual 5.16188801e-16	Target 1e-16
Grid : Message : 145.444091 s : 	Solver Elapsed    1.142475 s
Grid : Message : 145.458253 s : SchurRedBlackBase solver true unprec resid 4.71267066e-16
Grid : Message : 145.458280 s : spin 3 color 0 norm2(src5d) 4733201.88 norm2(result5d) 25977.3425
Grid : Message : 146.621261 s : ConjugateGradient Converged on iteration 80	Computed residual 9.77036805e-17	True residual 5.1230732e-16	Target 1e-16
Grid : Message : 146.621290 s : 	Solver Elapsed    1.126226 s
Grid : Message : 146.636943 s : SchurRedBlackBase solver true unprec resid 4.70798371e-16
Grid : Message : 146.636975 s : spin 3 color 1 norm2(src5d) 4767422.12 norm2(result5d) 26091.0785
Grid : Message : 147.776663 s : ConjugateGradient Converged on iteration 80	Computed residual 9.8033378e-17	True residual 5.13857969e-16	Target 1e-16
Grid : Message : 147.776692 s : 	Solver Elapsed    1.104318 s
Grid : Message : 147.790745 s : SchurRedBlackBase solver true unprec resid 4.70334228e-16
Grid : Message : 147.790772 s : spin 3 color 2 norm2(src5d) 4698623.25 norm2(result5d) 25905.3616
Grid : Message : 147.799871 s : -------------------- sequential propagators
Grid : Message : 149.479852 s : ConjugateGradient Converged on iteration 82	Computed residual 6.55584843e-17	True residual 6.47885262e-16	Target 1e-16
Grid : Message : 149.479887 s : 	Solver Elapsed    1.177248 s
Grid : Message : 149.496066 s : SchurRedBlackBase solver true unprec resid 6.85816977e-16
Grid : Message : 149.496095 s : spin 0 color 0 norm2(src5d) 26404.3578 norm2(result5d) 726.157623
Grid : Message : 150.623715 s : ConjugateGradient Converged on iteration 82	Computed residual 6.51554559e-17	True residual 6.4412534e-16	Target 1e-16
Grid : Message : 150.623745 s : 	Solver Elapsed    1.095840 s
Grid : Message : 150.637122 s : SchurRedBlackBase solver true unprec resid 6.8207458e-16
Grid : Message : 150.637150 s : spin 0 color 1 norm2(src5d) 26175.4913 norm2(result5d) 725.97575
Grid : Message : 151.757190 s : ConjugateGradient Converged on iteration 81	Computed residual 9.66043342e-17	True residual 6.44458156e-16	Target 1e-16
Grid : Message : 151.757222 s : 	Solver Elapsed    1.086590 s
Grid : Message : 151.770676 s : SchurRedBlackBase solver true unprec resid 6.85888341e-16
Grid : Message : 151.770713 s : spin 0 color 2 norm2(src5d) 26428.6471 norm2(result5d) 727.378397
Grid : Message : 152.894580 s : ConjugateGradient Converged on iteration 82	Computed residual 6.46673026e-17	True residual 6.42625921e-16	Target 1e-16
Grid : Message : 152.894612 s : 	Solver Elapsed    1.092253 s
Grid : Message : 152.908202 s : SchurRedBlackBase solver true unprec resid 6.80945601e-16
Grid : Message : 152.908228 s : spin 1 color 0 norm2(src5d) 26469.8468 norm2(result5d) 723.39977
Grid : Message : 154.326200 s : ConjugateGradient Converged on iteration 81	Computed residual 9.88801697e-17	True residual 6.46616401e-16	Target 1e-16
Grid : Message : 154.326510 s : 	Solver Elapsed    1.091647 s
Grid : Message : 154.466110 s : SchurRedBlackBase solver true unprec resid 6.87144173e-16
Grid : Message : 154.466350 s : spin 1 color 1 norm2(src5d) 26305.6693 norm2(result5d) 719.237978
Grid : Message : 155.177684 s : ConjugateGradient Converged on iteration 81	Computed residual 9.84826461e-17	True residual 6.46848977e-16	Target 1e-16
Grid : Message : 155.177711 s : 	Solver Elapsed    1.098617 s
Grid : Message : 155.191582 s : SchurRedBlackBase solver true unprec resid 6.85267905e-16
Grid : Message : 155.191606 s : spin 1 color 2 norm2(src5d) 26188.723 norm2(result5d) 719.978686
Grid : Message : 156.305407 s : ConjugateGradient Converged on iteration 81	Computed residual 9.83968871e-17	True residual 6.46250669e-16	Target 1e-16
Grid : Message : 156.305446 s : 	Solver Elapsed    1.079991 s
Grid : Message : 156.318942 s : SchurRedBlackBase solver true unprec resid 6.85119692e-16
Grid : Message : 156.318967 s : spin 2 color 0 norm2(src5d) 25935.1078 norm2(result5d) 715.971979
Grid : Message : 157.489263 s : ConjugateGradient Converged on iteration 82	Computed residual 6.61958943e-17	True residual 6.46231451e-16	Target 1e-16
Grid : Message : 157.489291 s : 	Solver Elapsed    1.138855 s
Grid : Message : 157.502725 s : SchurRedBlackBase solver true unprec resid 6.84191521e-16
Grid : Message : 157.502756 s : spin 2 color 1 norm2(src5d) 26378.3053 norm2(result5d) 726.662628
Grid : Message : 158.644015 s : ConjugateGradient Converged on iteration 82	Computed residual 6.48063565e-17	True residual 6.46060402e-16	Target 1e-16
Grid : Message : 158.644046 s : 	Solver Elapsed    1.108584 s
Grid : Message : 158.657896 s : SchurRedBlackBase solver true unprec resid 6.82910841e-16
Grid : Message : 158.657927 s : spin 2 color 2 norm2(src5d) 26394.5937 norm2(result5d) 726.863925
Grid : Message : 159.794483 s : ConjugateGradient Converged on iteration 82	Computed residual 6.45167191e-17	True residual 6.49598711e-16	Target 1e-16
Grid : Message : 159.794514 s : 	Solver Elapsed    1.104248 s
Grid : Message : 159.810048 s : SchurRedBlackBase solver true unprec resid 6.87258719e-16
Grid : Message : 159.810072 s : spin 3 color 0 norm2(src5d) 26383.7953 norm2(result5d) 729.028989
Grid : Message : 160.977772 s : ConjugateGradient Converged on iteration 81	Computed residual 9.46820261e-17	True residual 6.42881986e-16	Target 1e-16
Grid : Message : 160.977805 s : 	Solver Elapsed    1.133418 s
Grid : Message : 160.991668 s : SchurRedBlackBase solver true unprec resid 6.81604882e-16
Grid : Message : 160.991694 s : spin 3 color 1 norm2(src5d) 26182.5669 norm2(result5d) 721.685613
Grid : Message : 162.199010 s : ConjugateGradient Converged on iteration 82	Computed residual 6.44619403e-17	True residual 6.44536155e-16	Target 1e-16
Grid : Message : 162.199046 s : 	Solver Elapsed    1.173689 s
Grid : Message : 162.212620 s : SchurRedBlackBase solver true unprec resid 6.80523478e-16
Grid : Message : 162.212650 s : spin 3 color 2 norm2(src5d) 26410.4821 norm2(result5d) 725.564278
Grid : Message : 162.221544 s : -------------------- double sequential propagator
Grid : Message : 164.302852 s : ConjugateGradient Converged on iteration 82	Computed residual 8.61863036e-17	True residual 6.97879516e-16	Target 1e-16
Grid : Message : 164.302883 s : 	Solver Elapsed    1.110908 s
Grid : Message : 164.316487 s : SchurRedBlackBase solver true unprec resid 7.4665727e-16
Grid : Message : 164.316515 s : spin 0 color 0 norm2(src5d) 13263.3721 norm2(result5d) 418.728214
Grid : Message : 165.452086 s : ConjugateGradient Converged on iteration 82	Computed residual 8.15586876e-17	True residual 6.94302149e-16	Target 1e-16
Grid : Message : 165.452131 s : 	Solver Elapsed    1.103035 s
Grid : Message : 165.465672 s : SchurRedBlackBase solver true unprec resid 7.44162318e-16
Grid : Message : 165.465703 s : spin 0 color 1 norm2(src5d) 13160.9421 norm2(result5d) 418.995206
Grid : Message : 166.603152 s : ConjugateGradient Converged on iteration 82	Computed residual 8.27703596e-17	True residual 6.91405344e-16	Target 1e-16
Grid : Message : 166.603192 s : 	Solver Elapsed    1.105849 s
Grid : Message : 166.616591 s : SchurRedBlackBase solver true unprec resid 7.44032712e-16
Grid : Message : 166.616616 s : spin 0 color 2 norm2(src5d) 13253.1315 norm2(result5d) 420.18187
Grid : Message : 167.765673 s : ConjugateGradient Converged on iteration 82	Computed residual 8.60965749e-17	True residual 6.98381558e-16	Target 1e-16
Grid : Message : 167.765707 s : 	Solver Elapsed    1.117332 s
Grid : Message : 167.779283 s : SchurRedBlackBase solver true unprec resid 7.46204732e-16
Grid : Message : 167.779306 s : spin 1 color 0 norm2(src5d) 13215.5378 norm2(result5d) 416.23229
Grid : Message : 168.918353 s : ConjugateGradient Converged on iteration 82	Computed residual 8.27432796e-17	True residual 6.92370795e-16	Target 1e-16
Grid : Message : 168.918404 s : 	Solver Elapsed    1.106422 s
Grid : Message : 168.931947 s : SchurRedBlackBase solver true unprec resid 7.4215765e-16
Grid : Message : 168.931968 s : spin 1 color 1 norm2(src5d) 13210.2606 norm2(result5d) 413.843488
Grid : Message : 170.734650 s : ConjugateGradient Converged on iteration 82	Computed residual 8.52225176e-17	True residual 6.928481e-16	Target 1e-16
Grid : Message : 170.734990 s : 	Solver Elapsed    1.107198 s
Grid : Message : 170.898880 s : SchurRedBlackBase solver true unprec resid 7.43435003e-16
Grid : Message : 170.899110 s : spin 1 color 2 norm2(src5d) 13111.5206 norm2(result5d) 414.922241
Grid : Message : 171.227542 s : ConjugateGradient Converged on iteration 82	Computed residual 8.03547256e-17	True residual 6.93115628e-16	Target 1e-16
Grid : Message : 171.227570 s : 	Solver Elapsed    1.105118 s
Grid : Message : 171.241033 s : SchurRedBlackBase solver true unprec resid 7.40868616e-16
Grid : Message : 171.241057 s : spin 2 color 0 norm2(src5d) 12955.149 norm2(result5d) 411.443472
Grid : Message : 172.366011 s : ConjugateGradient Converged on iteration 82	Computed residual 8.82470636e-17	True residual 7.00831401e-16	Target 1e-16
Grid : Message : 172.366039 s : 	Solver Elapsed    1.093238 s
Grid : Message : 172.381149 s : SchurRedBlackBase solver true unprec resid 7.48021623e-16
Grid : Message : 172.381172 s : spin 2 color 1 norm2(src5d) 13205.7179 norm2(result5d) 419.127235
Grid : Message : 173.520236 s : ConjugateGradient Converged on iteration 82	Computed residual 8.55524293e-17	True residual 6.92219427e-16	Target 1e-16
Grid : Message : 173.520261 s : 	Solver Elapsed    1.106609 s
Grid : Message : 173.533672 s : SchurRedBlackBase solver true unprec resid 7.43112376e-16
Grid : Message : 173.533695 s : spin 2 color 2 norm2(src5d) 13269.5275 norm2(result5d) 419.657599
Grid : Message : 174.672392 s : ConjugateGradient Converged on iteration 82	Computed residual 8.42513268e-17	True residual 6.93932552e-16	Target 1e-16
Grid : Message : 174.672423 s : 	Solver Elapsed    1.103540 s
Grid : Message : 174.685878 s : SchurRedBlackBase solver true unprec resid 7.43242086e-16
Grid : Message : 174.685908 s : spin 3 color 0 norm2(src5d) 13272.3746 norm2(result5d) 420.680767
Grid : Message : 175.816948 s : ConjugateGradient Converged on iteration 82	Computed residual 8.24801672e-17	True residual 6.88996469e-16	Target 1e-16
Grid : Message : 175.816975 s : 	Solver Elapsed    1.098226 s
Grid : Message : 175.830402 s : SchurRedBlackBase solver true unprec resid 7.38564221e-16
Grid : Message : 175.830425 s : spin 3 color 1 norm2(src5d) 13035.1935 norm2(result5d) 414.557882
Grid : Message : 176.965141 s : ConjugateGradient Converged on iteration 82	Computed residual 8.32645808e-17	True residual 6.95287292e-16	Target 1e-16
Grid : Message : 176.965178 s : 	Solver Elapsed    1.101418 s
Grid : Message : 176.982741 s : SchurRedBlackBase solver true unprec resid 7.41611153e-16
Grid : Message : 176.982767 s : spin 3 color 2 norm2(src5d) 13235.9212 norm2(result5d) 416.628698
Grid : Message : 176.991624 s : -------------------- twisted propagator +epsilon
Grid : Message : 176.991892 s :  Twist [0] 0.127323956 phase(1,0)
Grid : Message : 178.106202 s : ConjugateGradient Converged on iteration 80	Computed residual 9.89208161e-17	True residual 5.11069931e-16	Target 1e-16
Grid : Message : 178.106233 s : 	Solver Elapsed    1.082322 s
Grid : Message : 178.120966 s : SchurRedBlackBase solver true unprec resid 4.67165164e-16
Grid : Message : 178.120990 s : spin 0 color 0 norm2(src5d) 4724199.96 norm2(result5d) 25910.4073
Grid : Message : 179.244186 s : ConjugateGradient Converged on iteration 80	Computed residual 9.89038266e-17	True residual 5.16283969e-16	Target 1e-16
Grid : Message : 179.244212 s : 	Solver Elapsed    1.084834 s
Grid : Message : 179.257624 s : SchurRedBlackBase solver true unprec resid 4.74185305e-16
Grid : Message : 179.257648 s : spin 0 color 1 norm2(src5d) 4799301.04 norm2(result5d) 26101.1479
Grid : Message : 180.428080 s : ConjugateGradient Converged on iteration 81	Computed residual 6.44927659e-17	True residual 5.07017506e-16	Target 1e-16
Grid : Message : 180.428125 s : 	Solver Elapsed    1.135318 s
Grid : Message : 180.441668 s : SchurRedBlackBase solver true unprec resid 4.66901652e-16
Grid : Message : 180.441695 s : spin 0 color 2 norm2(src5d) 4768807.59 norm2(result5d) 26164.0505
Grid : Message : 181.561038 s : ConjugateGradient Converged on iteration 80	Computed residual 9.93955613e-17	True residual 5.14354767e-16	Target 1e-16
Grid : Message : 181.561070 s : 	Solver Elapsed    1.084100 s
Grid : Message : 181.574461 s : SchurRedBlackBase solver true unprec resid 4.70367473e-16
Grid : Message : 181.574490 s : spin 1 color 0 norm2(src5d) 4774604.89 norm2(result5d) 26083.8634
Grid : Message : 182.703880 s : ConjugateGradient Converged on iteration 80	Computed residual 9.56067139e-17	True residual 5.18278615e-16	Target 1e-16
Grid : Message : 182.703907 s : 	Solver Elapsed    1.094635 s
Grid : Message : 182.717401 s : SchurRedBlackBase solver true unprec resid 4.69553214e-16
Grid : Message : 182.717421 s : spin 1 color 1 norm2(src5d) 4768083.51 norm2(result5d) 25960.999
Grid : Message : 183.834471 s : ConjugateGradient Converged on iteration 80	Computed residual 9.75031239e-17	True residual 5.16649502e-16	Target 1e-16
Grid : Message : 183.834502 s : 	Solver Elapsed    1.080820 s
Grid : Message : 183.848491 s : SchurRedBlackBase solver true unprec resid 4.69400138e-16
Grid : Message : 183.848513 s : spin 1 color 2 norm2(src5d) 4742323.13 norm2(result5d) 25930.3047
Grid : Message : 184.966463 s : ConjugateGradient Converged on iteration 80	Computed residual 9.75763797e-17	True residual 5.10225835e-16	Target 1e-16
Grid : Message : 184.966493 s : 	Solver Elapsed    1.080726 s
Grid : Message : 184.979981 s : SchurRedBlackBase solver true unprec resid 4.70148529e-16
Grid : Message : 184.980011 s : spin 2 color 0 norm2(src5d) 4752594.89 norm2(result5d) 25989.0243
Grid : Message : 186.976160 s : ConjugateGradient Converged on iteration 80	Computed residual 9.72157869e-17	True residual 5.15435786e-16	Target 1e-16
Grid : Message : 186.976450 s : 	Solver Elapsed    1.082083 s
Grid : Message : 186.111398 s : SchurRedBlackBase solver true unprec resid 4.65773937e-16
Grid : Message : 186.111424 s : spin 2 color 1 norm2(src5d) 4793985.75 norm2(result5d) 26130.5945
Grid : Message : 187.249747 s : ConjugateGradient Converged on iteration 80	Computed residual 9.88893524e-17	True residual 5.17815888e-16	Target 1e-16
Grid : Message : 187.249778 s : 	Solver Elapsed    1.103149 s
Grid : Message : 187.265015 s : SchurRedBlackBase solver true unprec resid 4.71739633e-16
Grid : Message : 187.265042 s : spin 2 color 2 norm2(src5d) 4775330.71 norm2(result5d) 26122.8558
Grid : Message : 188.412149 s : ConjugateGradient Converged on iteration 80	Computed residual 9.77818081e-17	True residual 5.16796821e-16	Target 1e-16
Grid : Message : 188.412181 s : 	Solver Elapsed    1.109981 s
Grid : Message : 188.425936 s : SchurRedBlackBase solver true unprec resid 4.69365124e-16
Grid : Message : 188.425964 s : spin 3 color 0 norm2(src5d) 4737440.98 norm2(result5d) 25989.1832
Grid : Message : 189.576747 s : ConjugateGradient Converged on iteration 80	Computed residual 9.71482451e-17	True residual 5.07102717e-16	Target 1e-16
Grid : Message : 189.576784 s : 	Solver Elapsed    1.115134 s
Grid : Message : 189.590391 s : SchurRedBlackBase solver true unprec resid 4.69302938e-16
Grid : Message : 189.590419 s : spin 3 color 1 norm2(src5d) 4770811.04 norm2(result5d) 26101.2166
Grid : Message : 190.821344 s : ConjugateGradient Converged on iteration 80	Computed residual 9.74610142e-17	True residual 5.07077315e-16	Target 1e-16
Grid : Message : 190.821376 s : 	Solver Elapsed    1.187721 s
Grid : Message : 190.846394 s : SchurRedBlackBase solver true unprec resid 4.68856697e-16
Grid : Message : 190.846427 s : spin 3 color 2 norm2(src5d) 4702787.15 norm2(result5d) 25918.2476
Grid : Message : 190.869068 s : -------------------- twisted propagator -epsilon
Grid : Message : 190.870052 s :  Twist [0] -0.127323956 phase(1,0)
Grid : Message : 192.144756 s : ConjugateGradient Converged on iteration 80	Computed residual 9.81837202e-17	True residual 5.10654069e-16	Target 1e-16
Grid : Message : 192.144790 s : 	Solver Elapsed    1.227674 s
Grid : Message : 192.158765 s : SchurRedBlackBase solver true unprec resid 4.68854567e-16
Grid : Message : 192.158793 s : spin 0 color 0 norm2(src5d) 4718431.28 norm2(result5d) 25888.4593
Grid : Message : 193.381456 s : ConjugateGradient Converged on iteration 81	Computed residual 6.4202778e-17	True residual 5.00548277e-16	Target 1e-16
Grid : Message : 193.381494 s : 	Solver Elapsed    1.185416 s
Grid : Message : 193.396525 s : SchurRedBlackBase solver true unprec resid 4.61413829e-16
Grid : Message : 193.396557 s : spin 0 color 1 norm2(src5d) 4791152.81 norm2(result5d) 26073.2401
Grid : Message : 194.524790 s : ConjugateGradient Converged on iteration 81	Computed residual 6.53483694e-17	True residual 5.06947438e-16	Target 1e-16
Grid : Message : 194.524818 s : 	Solver Elapsed    1.093404 s
Grid : Message : 194.538359 s : SchurRedBlackBase solver true unprec resid 4.63160682e-16
Grid : Message : 194.538384 s : spin 0 color 2 norm2(src5d) 4764565.99 norm2(result5d) 26143.9033
Grid : Message : 195.665288 s : ConjugateGradient Converged on iteration 81	Computed residual 6.40951132e-17	True residual 5.05971117e-16	Target 1e-16
Grid : Message : 195.665324 s : 	Solver Elapsed    1.090793 s
Grid : Message : 195.680951 s : SchurRedBlackBase solver true unprec resid 4.63185248e-16
Grid : Message : 195.680986 s : spin 1 color 0 norm2(src5d) 4771505.31 norm2(result5d) 26063.3644
Grid : Message : 196.809170 s : ConjugateGradient Converged on iteration 80	Computed residual 9.82657408e-17	True residual 5.11369801e-16	Target 1e-16
Grid : Message : 196.809206 s : 	Solver Elapsed    1.091616 s
Grid : Message : 196.822661 s : SchurRedBlackBase solver true unprec resid 4.67159609e-16
Grid : Message : 196.822693 s : spin 1 color 1 norm2(src5d) 4764642.29 norm2(result5d) 25941.2288
Grid : Message : 197.944335 s : ConjugateGradient Converged on iteration 80	Computed residual 9.79243161e-17	True residual 5.1765169e-16	Target 1e-16
Grid : Message : 197.944368 s : 	Solver Elapsed    1.082184 s
Grid : Message : 197.960566 s : SchurRedBlackBase solver true unprec resid 4.71310118e-16
Grid : Message : 197.960600 s : spin 1 color 2 norm2(src5d) 4739748.96 norm2(result5d) 25916.3216
Grid : Message : 199.831270 s : ConjugateGradient Converged on iteration 80	Computed residual 9.69556325e-17	True residual 5.10325141e-16	Target 1e-16
Grid : Message : 199.831660 s : 	Solver Elapsed    1.087373 s
Grid : Message : 199.973270 s : SchurRedBlackBase solver true unprec resid 4.69854361e-16
Grid : Message : 199.973540 s : spin 2 color 0 norm2(src5d) 4747203.51 norm2(result5d) 25968.6981
Grid : Message : 200.289641 s : ConjugateGradient Converged on iteration 80	Computed residual 9.78522293e-17	True residual 5.11665293e-16	Target 1e-16
Grid : Message : 200.289683 s : 	Solver Elapsed    1.155696 s
Grid : Message : 200.303542 s : SchurRedBlackBase solver true unprec resid 4.64736851e-16
Grid : Message : 200.303574 s : spin 2 color 1 norm2(src5d) 4791993.3 norm2(result5d) 26115.3406
Grid : Message : 201.480347 s : ConjugateGradient Converged on iteration 81	Computed residual 6.39795469e-17	True residual 5.11912153e-16	Target 1e-16
Grid : Message : 201.480389 s : 	Solver Elapsed    1.137986 s
Grid : Message : 201.496154 s : SchurRedBlackBase solver true unprec resid 4.67736728e-16
Grid : Message : 201.496197 s : spin 2 color 2 norm2(src5d) 4772412.4 norm2(result5d) 26104.2981
Grid : Message : 202.615683 s : ConjugateGradient Converged on iteration 80	Computed residual 9.89552173e-17	True residual 5.15414467e-16	Target 1e-16
Grid : Message : 202.615723 s : 	Solver Elapsed    1.081433 s
Grid : Message : 202.629169 s : SchurRedBlackBase solver true unprec resid 4.69569133e-16
Grid : Message : 202.629215 s : spin 3 color 0 norm2(src5d) 4731050.72 norm2(result5d) 25967.0075
Grid : Message : 203.760367 s : ConjugateGradient Converged on iteration 80	Computed residual 9.72536763e-17	True residual 5.10935101e-16	Target 1e-16
Grid : Message : 203.760402 s : 	Solver Elapsed    1.091639 s
Grid : Message : 203.774377 s : SchurRedBlackBase solver true unprec resid 4.69642956e-16
Grid : Message : 203.774408 s : spin 3 color 1 norm2(src5d) 4766021.87 norm2(result5d) 26082.3388
Grid : Message : 204.931243 s : ConjugateGradient Converged on iteration 80	Computed residual 9.75445112e-17	True residual 5.16121348e-16	Target 1e-16
Grid : Message : 204.931284 s : 	Solver Elapsed    1.104160 s
Grid : Message : 204.953970 s : SchurRedBlackBase solver true unprec resid 4.72816389e-16
Grid : Message : 204.954010 s : spin 3 color 2 norm2(src5d) 4696653.76 norm2(result5d) 25894.0632
Grid : Message : 205.486090 s : -------------------- results
Grid : Message : 205.486440 s : 1st order numerical derivative -- norm2= 8620.14633 epsilon= 0.100000001
Grid : Message : 205.843490 s : 1st order sequential insertion -- norm2= 8687.90562
Grid : Message : 205.120876 s : Diff -- norm_abs= 0.529502305 norm_rel= 0.00569194266
Grid : Message : 205.287982 s : 2nd order numerical derivative -- norm2= 4962.16446 epsilon= 0.100000001
Grid : Message : 205.328067 s : 2nd order sequential insertion -- norm2= 5004.99896
Grid : Message : 205.364204 s : Diff -- norm_abs= 0.4194073 norm_rel= 0.00594110338
Grid : Message : 205.503398 s : *******************************************
Grid : Message : 205.503405 s : ******* Grid Finalize                ******
Grid : Message : 205.503409 s : *******************************************
